2025-06-08 19:54:56 [main] ERROR  - Address already in use: bind
2025-06-08 20:11:51 [main] ERROR  - Address already in use: bind
2025-06-08 20:18:47 [main] ERROR  - Address already in use: bind
2025-06-09 20:27:59 [main] ERROR  (Server.java:44) - Address already in use: bind
2025-06-11 17:03:50 [main] ERROR  (Server.java:44) - Address already in use: bind
2025-06-11 17:25:34 [main] ERROR  (Server.java:44) - Address already in use: bind
2025-06-11 17:49:21 [main] ERROR  (Server.java:44) - Address already in use: bind
2025-06-12 15:04:20 [main] ERROR  (Server.java:44) - Address already in use: bind
2025-06-12 15:06:30 [main] ERROR  (Server.java:44) - Address already in use: bind
2025-06-12 15:10:16 [main] ERROR  (Server.java:44) - Address already in use: bind
2025-06-30 20:20:49 [Thread-0] ERROR  (ServerNit.java:60) - Klijent se odjavio
2025-08-04 18:41:23 [main] ERROR  (Server.java:44) - Address already in use: bind
2025-08-04 18:42:54 [Thread-0] ERROR  (ServerNit.java:74) - Greska pri obradi: java.lang.RuntimeException: Ne bi trebalo da se dodje do ovde
2025-08-04 18:44:19 [Thread-0] ERROR  (ServerNit.java:74) - Greska pri obradi: java.lang.RuntimeException: Ne bi trebalo da se dodje do ovde
2025-08-04 18:51:21 [Thread-0] ERROR  (ServerNit.java:74) - Greska pri obradi: java.lang.RuntimeException: Ne bi trebalo da se dodje do ovde
2025-08-04 18:54:04 [Thread-0] ERROR  (ServerNit.java:74) - Greska pri obradi: java.lang.RuntimeException: Ne bi trebalo da se dodje do ovde
2025-08-04 19:00:03 [Thread-0] ERROR  (ServerNit.java:74) - Greska pri obradi: java.lang.RuntimeException: Ne bi trebalo da se dodje do ovde
2025-08-04 19:03:57 [Thread-0] ERROR  (ServerNit.java:74) - Greska pri obradi: java.lang.RuntimeException: Ne bi trebalo da se dodje do ovde
2025-08-04 19:12:32 [Thread-0] ERROR  (ServerNit.java:74) - Greska pri obradi: java.lang.RuntimeException: Ne bi trebalo da se dodje do ovde
2025-08-04 19:15:23 [Thread-0] INFO   (ServerNit.java:67) - Soket klijenta se gasi
2025-08-04 19:16:32 [Thread-0] INFO   (ServerNit.java:67) - Soket klijenta se gasi
2025-08-19 22:03:01 [Thread-0] INFO   (ServerNit.java:62) - Soket klijenta se gasi
2025-08-19 22:16:32 [Thread-0] INFO   (ServerNit.java:64) - Soket klijenta se gasi
2025-08-19 22:19:28 [main] ERROR  (Server.java:44) - Address already in use: bind
2025-08-19 22:19:30 [Thread-0] INFO   (ServerNit.java:64) - Soket klijenta se gasi
2025-08-19 22:21:45 [Thread-0] INFO   (ServerNit.java:64) - Soket klijenta se gasi
2025-08-19 22:24:11 [Thread-0] INFO   (ServerNit.java:64) - Soket klijenta se gasi
2025-08-20 16:39:23 [Thread-0] INFO   (ServerNit.java:61) - Klijent je zatvorio soket: java.io.EOFException
2025-08-20 16:54:24 [Thread-0] INFO   (ServerNit.java:61) - Klijent je zatvorio soket: java.io.EOFException
2025-08-20 16:54:44 [Thread-0] INFO   (ServerNit.java:61) - Klijent je zatvorio soket: java.io.EOFException
2025-08-20 16:59:00 [Thread-0] INFO   (ServerNit.java:61) - Klijent je zatvorio soket: java.io.EOFException
2025-08-20 17:01:09 [Thread-0] INFO   (ServerNit.java:61) - Klijent je zatvorio soket: java.io.EOFException
2025-08-20 17:01:50 [Thread-0] INFO   (ServerNit.java:61) - Klijent je zatvorio soket: java.io.EOFException
2025-08-20 17:03:38 [Thread-0] INFO   (ServerNit.java:61) - Klijent je zatvorio soket: java.io.EOFException
2025-08-20 17:09:35 [Thread-0] INFO   (ServerNit.java:61) - Klijent je zatvorio soket: java.io.EOFException
2025-08-20 17:17:00 [Thread-0] INFO   (ServerNit.java:61) - Klijent je zatvorio soket: java.io.EOFException
2025-08-20 17:17:46 [main] ERROR  (Server.java:44) - Address already in use
2025-08-20 17:18:09 [Thread-0] INFO   (ServerNit.java:61) - Klijent je zatvorio soket: java.io.EOFException
2025-08-20 17:20:43 [Thread-0] INFO   (ServerNit.java:61) - Klijent je zatvorio soket: java.io.EOFException
2025-08-20 17:22:57 [main] ERROR  (Server.java:44) - Address already in use
2025-08-20 17:23:19 [Thread-1] INFO   (ServerNit.java:61) - Klijent je zatvorio soket: java.io.EOFException
2025-08-20 17:30:36 [Thread-0] INFO   (ServerNit.java:61) - Klijent je zatvorio soket: java.io.EOFException
2025-08-20 17:33:43 [Thread-0] INFO   (ServerNit.java:61) - Klijent je zatvorio soket: java.io.EOFException
2025-08-20 17:35:54 [main] ERROR  (Server.java:44) - Address already in use
2025-08-20 17:35:56 [Thread-0] INFO   (ServerNit.java:61) - Klijent je zatvorio soket: java.io.EOFException
2025-08-20 17:36:15 [Thread-0] INFO   (ServerNit.java:61) - Klijent je zatvorio soket: java.io.EOFException
2025-08-20 18:19:37 [Thread-1] ERROR  (ServerNit.java:78) - Connection reset
2025-08-21 19:50:26 [Thread-0] INFO   (ServerNit.java:64) - Soket klijenta se gasi
